2021-09-21 12:22:06.910  INFO 14040 --- [restartedMain] com.brs.BusReservationSystemApplication  : Starting BusReservationSystemApplication using Java 1.8.0_301 on LIN76003574 with PID 14040 (C:\Users\V47\git\repository\busreservationsys\bin\main started by v47 in C:\Users\V47\git\repository\busreservationsys)
2021-09-21 12:22:06.910  INFO 14040 --- [restartedMain] com.brs.BusReservationSystemApplication  : No active profile set, falling back to default profiles: default
2021-09-21 12:22:07.186  INFO 14040 --- [restartedMain] .s.d.r.c.RepositoryConfigurationDelegate : Bootstrapping Spring Data JPA repositories in DEFAULT mode.
2021-09-21 12:22:07.217  INFO 14040 --- [restartedMain] .s.d.r.c.RepositoryConfigurationDelegate : Finished Spring Data repository scanning in 28 ms. Found 5 JPA repository interfaces.
2021-09-21 12:22:07.348  INFO 14040 --- [restartedMain] o.s.b.w.embedded.tomcat.TomcatWebServer  : Tomcat initialized with port(s): 8082 (http)
2021-09-21 12:22:07.349  INFO 14040 --- [restartedMain] o.apache.catalina.core.StandardService   : Starting service [Tomcat]
2021-09-21 12:22:07.349  INFO 14040 --- [restartedMain] org.apache.catalina.core.StandardEngine  : Starting Servlet engine: [Apache Tomcat/9.0.52]
2021-09-21 12:22:07.359  INFO 14040 --- [restartedMain] o.a.c.c.C.[Tomcat].[localhost].[/]       : Initializing Spring embedded WebApplicationContext
2021-09-21 12:22:07.360  INFO 14040 --- [restartedMain] w.s.c.ServletWebServerApplicationContext : Root WebApplicationContext: initialization completed in 448 ms
2021-09-21 12:22:07.382  INFO 14040 --- [restartedMain] o.hibernate.jpa.internal.util.LogHelper  : HHH000204: Processing PersistenceUnitInfo [name: default]
2021-09-21 12:22:07.387  INFO 14040 --- [restartedMain] com.zaxxer.hikari.HikariDataSource       : HikariPool-7 - Starting...
2021-09-21 12:22:07.491  INFO 14040 --- [restartedMain] com.zaxxer.hikari.pool.PoolBase          : HikariPool-7 - Driver does not support get/set network timeout for connections. (Method org.postgresql.jdbc.PgConnection.getNetworkTimeout() is not yet implemented.)
2021-09-21 12:22:07.492  INFO 14040 --- [restartedMain] com.zaxxer.hikari.HikariDataSource       : HikariPool-7 - Start completed.
2021-09-21 12:22:07.492  INFO 14040 --- [restartedMain] org.hibernate.dialect.Dialect            : HHH000400: Using dialect: org.hibernate.dialect.PostgreSQLDialect
2021-09-21 12:22:07.686  INFO 14040 --- [restartedMain] o.h.e.t.j.p.i.JtaPlatformInitiator       : HHH000490: Using JtaPlatform implementation: [org.hibernate.engine.transaction.jta.platform.internal.NoJtaPlatform]
2021-09-21 12:22:07.686  INFO 14040 --- [restartedMain] j.LocalContainerEntityManagerFactoryBean : Initialized JPA EntityManagerFactory for persistence unit 'default'
2021-09-21 12:22:07.821  WARN 14040 --- [restartedMain] JpaBaseConfiguration$JpaWebConfiguration : spring.jpa.open-in-view is enabled by default. Therefore, database queries may be performed during view rendering. Explicitly configure spring.jpa.open-in-view to disable this warning
2021-09-21 12:22:07.847  INFO 14040 --- [restartedMain] pertySourcedRequestMappingHandlerMapping : Mapped URL path [/v2/api-docs] onto method [springfox.documentation.swagger2.web.Swagger2Controller#getDocumentation(String, HttpServletRequest)]
2021-09-21 12:22:07.868  INFO 14040 --- [restartedMain] o.s.b.d.a.OptionalLiveReloadServer       : LiveReload server is running on port 35729
2021-09-21 12:22:07.903  INFO 14040 --- [restartedMain] o.s.b.w.embedded.tomcat.TomcatWebServer  : Tomcat started on port(s): 8082 (http) with context path ''
2021-09-21 12:22:07.904  INFO 14040 --- [restartedMain] d.s.w.p.DocumentationPluginsBootstrapper : Context refreshed
2021-09-21 12:22:07.905  INFO 14040 --- [restartedMain] d.s.w.p.DocumentationPluginsBootstrapper : Found 1 custom documentation plugin(s)
2021-09-21 12:22:07.912  INFO 14040 --- [restartedMain] s.d.s.w.s.ApiListingReferenceScanner     : Scanning for api listing references
2021-09-21 12:22:07.970  INFO 14040 --- [restartedMain] com.brs.BusReservationSystemApplication  : Started BusReservationSystemApplication in 1.08 seconds (JVM running for 4406.659)
2021-09-21 12:22:07.971  INFO 14040 --- [restartedMain] .ConditionEvaluationDeltaLoggingListener : Condition evaluation unchanged
2021-09-21 12:23:38.834  INFO 14040 --- [http-nio-8082-exec-1] o.a.c.c.C.[Tomcat].[localhost].[/]       : Initializing Spring DispatcherServlet 'dispatcherServlet'
2021-09-21 12:23:38.836  INFO 14040 --- [http-nio-8082-exec-1] o.s.web.servlet.DispatcherServlet        : Initializing Servlet 'dispatcherServlet'
2021-09-21 12:23:38.837  INFO 14040 --- [http-nio-8082-exec-1] o.s.web.servlet.DispatcherServlet        : Completed initialization in 1 ms
2021-09-21 12:24:57.435  INFO 14040 --- [Thread-34] j.LocalContainerEntityManagerFactoryBean : Closing JPA EntityManagerFactory for persistence unit 'default'
2021-09-21 12:24:57.436  INFO 14040 --- [Thread-34] com.zaxxer.hikari.HikariDataSource       : HikariPool-7 - Shutdown initiated...
2021-09-21 12:24:57.441  INFO 14040 --- [Thread-34] com.zaxxer.hikari.HikariDataSource       : HikariPool-7 - Shutdown completed.
